commit 7f5cec2d0f4a8795a5d47983251e55936bc3018c
Author: sandan <msandan_91@msn.com>
Date:   Fri Jul 11 01:02:49 2014 +0000

    models.html using Tyler's technique

commit d381186f544520f85ac63308e0e7a7de48486aa4
Author: Mark <mas5774@cs.utexas.edu>
Date:   Thu Jul 10 19:49:01 2014 -0500

    Proofread technical report.

commit 49038f46212dbbabcf21b1262b99ed119397994b
Author: Stephen Ridings <SRidings777@aol.com>
Date:   Thu Jul 10 19:11:51 2014 -0500

    Updated to fix dead youtube link

commit 79a6cc234d6d73a9678b913752313a566f17593f
Author: Stephen Ridings <SRidings777@aol.com>
Date:   Thu Jul 10 19:11:10 2014 -0500

    Updated to fix dead youtube link

commit 2ebdf0acbb9f71a8ae6e0337998c83096cd0b819
Author: Stephen Ridings <SRidings777@aol.com>
Date:   Thu Jul 10 19:10:38 2014 -0500

    Updated to fix dead youtube link

commit 5937cb2fa6b2ceb64ca04df4acc40e8c39d83a91
Author: Stephen Ridings <SRidings777@aol.com>
Date:   Thu Jul 10 19:10:17 2014 -0500

    Updated to fix dead youtube link

commit 1c9044278c55e8002eedd551de46957189839391
Author: Stephen Ridings <SRidings777@aol.com>
Date:   Thu Jul 10 19:09:33 2014 -0500

    Updated to fix youtube channel link

commit 2ac7ba21bacc78a490209e51cb04fb897a7ba1fc
Author: Mark <mas5774@cs.utexas.edu>
Date:   Thu Jul 10 19:04:18 2014 -0500

    added the repo link

commit eb25b46193079003520c6447d54a9a1a3538fb4e
Merge: d040a17 95ace1b
Author: sandan <msandan_91@msn.com>
Date:   Thu Jul 10 23:48:43 2014 +0000

    Merge branch 'master' of https://github.com/sandan/cs373-idb

commit d040a17efa0a6b5a20d5558289b5d7a65313e8f5
Author: sandan <msandan_91@msn.com>
Date:   Thu Jul 10 23:47:03 2014 +0000

    pydoc for models.html

commit 95ace1b59ae25f7988d28b6f13259d355a175ed8
Author: Jesus Hernandez <jesushernandez@utexas.edu>
Date:   Thu Jul 10 18:39:59 2014 -0500

    updated html links

commit 83e535d3ee2149991069a0088cd2be01677b469d
Author: Stephen Ridings <SRidings777@aol.com>
Date:   Thu Jul 10 18:24:25 2014 -0500

    Changed title of page to Sponsors (was Stages)

commit 70ff483f2dc1d95b1913ec112841c01726633351
Author: Kyle Nicola <kyle.a.nicola@gmail.com>
Date:   Thu Jul 10 18:09:57 2014 -0500

    woops, forgot to unedit out the import

commit ba968ee5cf0502f7e719367ff774aa19a0b6a74e
Author: Kyle Nicola <kyle.a.nicola@gmail.com>
Date:   Thu Jul 10 18:08:42 2014 -0500

    adding descriptions to classes and all the functions

commit f0bf2a77b6ad1c9fc2ca7cc9f60d47b6f6329928
Author: Kyle Nicola <kyle.a.nicola@gmail.com>
Date:   Thu Jul 10 17:52:59 2014 -0500

    making sure all things are referenced the same way

commit be638a2e5a67fe6460af08f995be01ef6413607a
Author: Stephen Ridings <SRidings777@aol.com>
Date:   Thu Jul 10 17:28:36 2014 -0500

    Updated miller-lite.html to fix unicode error

commit dcf73613f1cf7a46b5fbabf51e90963407cb8112
Merge: 3f6a2aa 03c362e
Author: sandan <msandan_91@msn.com>
Date:   Thu Jul 10 22:15:35 2014 +0000

    Merge branch 'master' of https://github.com/sandan/cs373-idb

commit 3f6a2aa6c30e0089b27dab4db7b57e1a2897664f
Author: sandan <msandan_91@msn.com>
Date:   Thu Jul 10 22:14:51 2014 +0000

    tests.out output from tests.py

commit 03c362e7116c056bdf645aaed28246508c0a3b92
Author: Stephen Ridings <SRidings777@aol.com>
Date:   Thu Jul 10 16:56:21 2014 -0500

    Update outkast.html
    
    Updated outkast.html with fixes for unicode error

commit e958eaf68dbaead3d62598c5f79904441b79e166
Author: Stephen Ridings <sridings777@aol.com>
Date:   Thu Jul 10 16:53:54 2014 -0500

    Updated Outkast.html to resolve unicode error

commit db191a2d756dde65b1dfdcf86558c9cbf3926043
Author: Mark <mas5774@cs.utexas.edu>
Date:   Thu Jul 10 16:41:40 2014 -0500

    tenth draft of report.

commit 01404eb54512ce78472becb781fe1eb2eef6d5c4
Author: Mark <mas5774@cs.utexas.edu>
Date:   Thu Jul 10 15:33:50 2014 -0500

    9th draft with Stephen and Sheeyla's edits

commit 38c0cd2265b11b31c797ea112da71e5b614e2534
Author: Jesus Hernandez <jesushernandez@utexas.edu>
Date:   Thu Jul 10 15:06:02 2014 +0000

    udated template urls. Updated views to serve the static files.

commit faa1f9ca623ea0c911f63f85b36a55c9095102e5
Author: Stephen Ridings <sridings777@aol.com>
Date:   Wed Jul 9 23:16:26 2014 -0500

    All static HTML pages with updated formatting for mobile resolves #4 resolves #6 resolves #7

commit 4535dadfc4545ce445e36d649daeee3cb137c209
Author: Carlos A. Rodriguez <car3564@utexas.edu>
Date:   Wed Jul 9 19:49:33 2014 -0500

    Updated Report.tex to include an Extension section

commit b6ed630f416884a150acad709ce1122c4e0201d5
Author: Mark <mas5774@cs.utexas.edu>
Date:   Wed Jul 9 19:23:11 2014 -0500

    eigth draft report with pdf.

commit 54e2ff69840da62b916e3dfe57f5602efb40d02a
Merge: f16f785 62285e3
Author: Mark <mas5774@cs.utexas.edu>
Date:   Wed Jul 9 19:06:44 2014 -0500

    Merge branch 'master' of https://github.com/sandan/cs373-idb

commit f16f785b264dfc2824055fac68d380e770aec771
Author: Mark <mas5774@cs.utexas.edu>
Date:   Wed Jul 9 19:06:33 2014 -0500

    seventh draft report. Included Kyle's Apiary documentation.

commit 62285e33892976992fb9cb0b37368a1234d40ec7
Merge: ba21b81 66c7247
Author: Stephen Ridings <sridings777@aol.com>
Date:   Wed Jul 9 18:18:32 2014 -0500

    Merge branch 'master' of github.com:sandan/cs373-idb

commit ba21b8188b15cca8b4a97e225c61a48671e02950
Author: Stephen Ridings <sridings777@aol.com>
Date:   Wed Jul 9 18:18:23 2014 -0500

    Stephen's tech report edits for WEB DESIGN (Begin line 51)

commit 66c7247c68a1b6640e69c9e8989a91f8b7c7729b
Author: Jesus Hernandez <jesushernandez@utexas.edu>
Date:   Wed Jul 9 23:03:21 2014 +0000

    added more tests

commit edb9c60c9d85051f593906b8d5a30866ff94044c
Author: Mark <mas5774@cs.utexas.edu>
Date:   Wed Jul 9 17:29:23 2014 -0500

    Current splash page

commit 3fbc55017965e451fc0b1a9a93ac55a57b6bd749
Author: GarciaSheeyla <sayla2691@utexas.edu>
Date:   Wed Jul 9 00:21:12 2014 -0500

    sixth draft of Tech Report

commit fe49645d1c8d9b5482b63bf59d0badb793a49016
Author: Sheeyla Garcia <sayla2691@utexas.edu>
Date:   Tue Jul 8 23:23:26 2014 -0500

    Modified UML

commit 0bc0ffd6004f6258124f1733e346803dc670ac84
Author: Kyle Nicola <kyle.a.nicola@gmail.com>
Date:   Tue Jul 8 22:24:05 2014 -0500

    deleting Events model because it isn't going to be used (i think)

commit e7a9eb78b7ac219c36645a1a641435c482aab440
Merge: 20c2e91 12e685d
Author: Mark <mas5774@cs.utexas.edu>
Date:   Tue Jul 8 21:36:51 2014 -0500

    Merge branch 'master' of https://github.com/sandan/cs373-idb

commit 20c2e91cc00144df330bda8d748f897543f29fd2
Author: Mark <mas5774@cs.utexas.edu>
Date:   Tue Jul 8 21:36:42 2014 -0500

    fifth draft of Tech report with pdf.

commit 12e685dae7e54b879f1632ff0939edf4380877f6
Author: Jesus Hernandez <jesushernandez@utexas.edu>
Date:   Wed Jul 9 02:23:23 2014 +0000

    modified urls.py and views.py to match the api

commit 6310f965215a41f60e980ec7fcdc07c66c8f0601
Merge: 077db57 e05cc46
Author: Sheeyla Garcia <sayla2691@utexas.edu>
Date:   Tue Jul 8 21:17:19 2014 -0500

    Merge branch 'master' of github.com:sandan/cs373-idb

commit 077db57030aa7893a25f3583f7b6e2730ed6b995
Author: Sheeyla Garcia <sayla2691@utexas.edu>
Date:   Tue Jul 8 21:17:09 2014 -0500

    modified UML diagrams

commit e05cc4669b6b267647ac47befbfb9b28b5e86b44
Merge: 88b893b 2bf8499
Author: Mark <mas5774@cs.utexas.edu>
Date:   Tue Jul 8 21:16:13 2014 -0500

    Merge branch 'master' of https://github.com/sandan/cs373-idb

commit 88b893b5f6fda2d75cf285e39cf3d903f2ea593c
Author: Mark <mas5774@cs.utexas.edu>
Date:   Tue Jul 8 21:15:15 2014 -0500

    4th draft of Tech report with pdf.

commit 2bf8499a654b05218ef5cc8f11d9e67d901495fc
Author: Sheeyla Garcia <sayla2691@utexas.edu>
Date:   Tue Jul 8 21:14:16 2014 -0500

    added UML diagrams

commit 0017de7162427d8b53d94afd18264c81be9e5436
Author: Mark Sandan <masandan91@gmail.com>
Date:   Tue Jul 8 20:38:12 2014 -0500

    Updating the API from kyle's project API

commit d2c4d1f96c005451bde8e6eacd87411d50ae8b35
Author: Jesus Hernandez <jesushernandez@utexas.edu>
Date:   Wed Jul 9 01:23:40 2014 +0000

    added unit tests for some of the models

commit 643540d956cf8c4200116f0e15fa1b7a24f1be54
Author: Carlos Andres Rodriguez <cyberthug@users.noreply.github.com>
Date:   Tue Jul 8 20:05:39 2014 -0500

    Fixed the Event str method.

commit 5e88f7e7b1ae59d99b5f64b0f40bad43cc496592
Author: GarciaSheeyla <sayla2691@utexas.edu>
Date:   Tue Jul 8 20:04:12 2014 -0500

    Update aclMarket.html

commit fc12a6764b72a268cd101f017426f2f87cb381ea
Author: GarciaSheeyla <sayla2691@utexas.edu>
Date:   Tue Jul 8 20:03:52 2014 -0500

    Update aclEats.html

commit c7c45bf5a7393940270c914a1210b2c3565e5153
Author: GarciaSheeyla <sayla2691@utexas.edu>
Date:   Tue Jul 8 20:03:31 2014 -0500

    Update aclKiddie.html

commit eb6b55c54adc8765c8e644e6ccdff85bd1da1b5c
Author: Carlos Andres Rodriguez <cyberthug@users.noreply.github.com>
Date:   Tue Jul 8 19:43:51 2014 -0500

    Added the Event model to models.py

commit 1128a6e37377bf91c1be3f83c62ccec4ede1723f
Author: GarciaSheeyla <sayla2691@utexas.edu>
Date:   Tue Jul 8 19:37:29 2014 -0500

    Updated class names to match api naming convention

commit fe3e6a1e80dca0cd0812363ed885e215d98c2852
Author: Mark Sandan <masandan91@gmail.com>
Date:   Tue Jul 8 17:32:31 2014 -0500

    Fixing GET,POST for Artist Collection

commit 4817d10e271493b0224bdec7e87a0539cbd721be
Author: Mark Sandan <masandan91@gmail.com>
Date:   Tue Jul 8 17:31:11 2014 -0500

    Adding Artist collection

commit d88c26d5602581e0fd46d9dfdba14c87a4236df1
Author: Mark Sandan <masandan91@gmail.com>
Date:   Tue Jul 8 17:30:06 2014 -0500

    Adding Artist collection

commit b902413377f8a2dc83f26af552d9e2b639a01683
Author: Mark Sandan <masandan91@gmail.com>
Date:   Tue Jul 8 17:25:59 2014 -0500

    Fixing GET Response Body

commit 3c24aefc4a44c9f9226e479282f627aedef99369
Author: Mark Sandan <masandan91@gmail.com>
Date:   Tue Jul 8 17:23:36 2014 -0500

    fixing up GET, POST, DELETE for Artist

commit 29faf1083948df2f99d5f6679bb28aacbf377c4d
Author: Mark Sandan <masandan91@gmail.com>
Date:   Tue Jul 8 17:21:33 2014 -0500

    Transferring blueprint from apiary.io- current API

commit c06577f1095aaa4011fcbc47ea77c08bfe6d3502
Merge: af31d7e 6996cae
Author: Mark <mas5774@cs.utexas.edu>
Date:   Mon Jul 7 21:57:03 2014 -0500

    Merge branch 'master' of https://github.com/sandan/cs373-idb

commit af31d7e7e84e43ca27d1e88439bc840a92d6297d
Author: Mark <mas5774@cs.utexas.edu>
Date:   Mon Jul 7 21:56:40 2014 -0500

    third draft tech report

commit 6996cae08bcaee50988754e129ae70f95403334e
Author: Jesus Hernandez <jesushernandez@utexas.edu>
Date:   Tue Jul 8 01:49:28 2014 +0000

    unit tests added

commit 362b762a380168bb712e49eea836d47a84571c34
Author: Sheeyla Garcia <sayla2691@utexas.edu>
Date:   Mon Jul 7 20:47:12 2014 -0500

    created html files for events #5

commit 15684c0440023c689b2415bf76305f8ae31e29e9
Author: Carlos A. Rodriguez <car3564@utexas.edu>
Date:   Mon Jul 7 20:35:36 2014 -0500

    Made get functions for the Stage, Sponsor and Artist classes in models.py

commit 2cab664bc8331fe466b89d9fecc2d5a8badab27a
Merge: 32fddf9 fe669d1
Author: Stephen Ridings <sridings777@aol.com>
Date:   Mon Jul 7 20:06:02 2014 -0500

    Merge branch 'master' of github.com:sandan/cs373-idb

commit 32fddf95945cf5873021b14876e3443aad678c01
Author: Stephen Ridings <sridings777@aol.com>
Date:   Mon Jul 7 20:05:35 2014 -0500

    Updated static html pages - 3 artists, 2 sponsors (no miller lite)

commit fe669d1380df3b5a6828b369d7b85c45bc3132d8
Author: Carlos A. Rodriguez <car3564@utexas.edu>
Date:   Mon Jul 7 19:50:46 2014 -0500

    Cleaned up some code in models.py so it looks more organized and it's easier to read

commit 3b4e53c59138de92ba336e0cad94163e158be962
Author: Jesus Hernandez <jesushernandez@utexas.edu>
Date:   Mon Jul 7 23:48:38 2014 +0000

    have 3 sponsors

commit fa42d91034f3cc2f054aaacb7d3e18d7a0ef7530
Author: Jesus Hernandez <jesushernandez@utexas.edu>
Date:   Mon Jul 7 23:44:32 2014 +0000

    added artists and stages main page

commit f689e2227b409919ffb8c91761d337e54d485e7c
Author: Jesus Hernandez <jesushernandez@utexas.edu>
Date:   Mon Jul 7 23:39:41 2014 +0000

    added 2 sponsors and modified view and urls to be more generic

commit 5f77108a327c6a5a12f786a197ad3ae7db7a3e6d
Author: Stephen Ridings <sridings777@aol.com>
Date:   Mon Jul 7 18:16:40 2014 -0500

    updated static html page for Pearl Jam

commit 3723f5ac99a86cf5620a2cc494ba5f2f1211f8d7
Author: Stephen Ridings <sridings777@aol.com>
Date:   Mon Jul 7 18:03:19 2014 -0500

    Updated static html page for Pearl Jam

commit 743672c35f00caa3e58ec11cb9c191d983458c41
Author: Stephen Ridings <sridings777@aol.com>
Date:   Mon Jul 7 17:38:54 2014 -0500

    Static html page for Pearl Jam

commit 1471f1e5b7363bbbfcd31989f65701c525bddb8c
Author: Jesus Hernandez <jesushernandez@utexas.edu>
Date:   Mon Jul 7 22:26:52 2014 +0000

    simple home page with a nav bar

commit 5d8d197d66a177d82fc8631183affd0e507bed3c
Author: Mark <mas5774@cs.utexas.edu>
Date:   Sun Jul 6 18:10:40 2014 -0500

    second draft of tech report

commit 7e26f4857c0e436fc4f96e6fe68f81efa479bde8
Author: Mark <mas5774@cs.utexas.edu>
Date:   Sun Jul 6 17:53:23 2014 -0500

    first technical draft report

commit ace58590fe9e63449c5ab8427ddd8ab7844b0af0
Author: Mark Sandan <masandan91@gmail.com>
Date:   Sun Jul 6 14:33:59 2014 -0500

    Transferring blueprint from apiary.io

commit 8a6513f86f41b9bb87db3faf68efb323a68c46f9
Author: Kyle Nicola <kyle.a.nicola@gmail.com>
Date:   Sun Jul 6 14:27:58 2014 -0500

    used pep8 naming convention to rename Artist_Photo->ArtistPhoto

commit ca4473c7a555427355229da55f76e6900983dfd1
Author: Jesus Hernandez <jesushernandez@utexas.edu>
Date:   Sun Jul 6 14:01:20 2014 +0000

    simple static page example using bootstrap

commit 6589b46c0576c90db5bd3364cf29f8562c660e8c
Author: Kyle Nicola <kyle.a.nicola@gmail.com>
Date:   Sun Jul 6 08:54:58 2014 -0500

    moving files

commit 5002cc640903d18f302a2a6225fc1899acf1f921
Merge: c35aec7 588affb
Author: Kyle Nicola <kyle.a.nicola@gmail.com>
Date:   Sun Jul 6 08:40:33 2014 -0500

    moved things to folder, added back in acl data

commit 588affbd44ef365fb66d5386364e5262e37749be
Author: Kyle Nicola <kyle.a.nicola@gmail.com>
Date:   Sun Jul 6 08:31:48 2014 -0500

    added folders, readded data

commit c35aec7975a367be2a15a7f52217211ac0d523a8
Author: Jesus Hernandez <jesushernandez@utexas.edu>
Date:   Sun Jul 6 05:16:44 2014 +0000

    added django app files. Using existing models.py

commit 6634426c643fd98503e51fb1405c8d0cec647a6b
Author: Kyle Nicola <kyle.a.nicola@gmail.com>
Date:   Sat Jul 5 20:22:24 2014 -0500

    renamed things, changed stage/sponsor relationship

commit 7095eb1a29ac624d982d200b8c91c80d420b364a
Author: Kyle Nicola <kyle.a.nicola@gmail.com>
Date:   Sat Jul 5 18:40:47 2014 -0500

    making sure some fields are unique

commit febeb9b20b02ac856b478e305099945392b6e1df
Author: Kyle Nicola <kyle.a.nicola@gmail.com>
Date:   Sat Jul 5 18:36:10 2014 -0500

    change unicode functions to str and commented out the ImageFields

commit 147b98d1170299177352bcaf9c587b0eae123070
Merge: 52eaff5 160d06d
Author: Kyle Nicola <kyle.a.nicola@gmail.com>
Date:   Sat Jul 5 18:33:33 2014 -0500

    Merge branch 'master' of https://github.com/sandan/cs373-idb

commit 52eaff5e6aff70d2fb2a99ac0ec1eba2ef68f991
Author: Kyle Nicola <kyle.a.nicola@gmail.com>
Date:   Sat Jul 5 18:33:15 2014 -0500

    created the models for our app

commit 160d06dc9055400020c156cdce187d67af4bcb7a
Author: Kyle Nicola <kyle.a.nicola@utexas.edu>
Date:   Sat Jul 5 21:00:56 2014 +0000

    okay, last time i'm deleting this...maybe.

commit f0db5bee610cdc863fe97c77842301b403cda4ae
Author: Kyle Nicola <kyle.a.nicola@utexas.edu>
Date:   Sat Jul 5 20:47:20 2014 +0000

    readding project to use more recent versions of django/python

commit 65ab339236bd4bdb8a13b1617746862883259ddc
Author: Kyle Nicola <kyle.a.nicola@utexas.edu>
Date:   Sat Jul 5 20:44:54 2014 +0000

    deleting project so we can use more recent version

commit 098cfe8fa4844d7213e5a8014c302bf96e4359ff
Author: Kyle Nicola <kyle.a.nicola@utexas.edu>
Date:   Sat Jul 5 20:38:38 2014 +0000

    Adding theaustinites project to our github account

commit 6d148641ada22279f2586c2c1bb049f3f982dd7b
Author: Stephen Ridings <sridings777@aol.com>
Date:   Wed Jul 2 19:07:37 2014 -0500

    Data for 3 sponsors, artists, and events

commit 3930108432231d3c2ae240cac6f73b3d8533f761
Author: Jesus Hernandez <jesushernandez@utexas.edu>
Date:   Wed Jul 2 18:51:10 2014 -0500

    h6779 artist and sponsor info

commit 8a48b636c770cfda3fdfd41d47226066da64aa2d
Author: Carlos Andres Rodriguez <cyberthug@users.noreply.github.com>
Date:   Tue Jul 1 14:03:35 2014 -0500

    Updated README
    
    Fix some alignment issues.

commit 5f297be73cc365de9294c8565764a93c9c231cd3
Author: Carlos Andres Rodriguez <cyberthug@users.noreply.github.com>
Date:   Tue Jul 1 14:00:34 2014 -0500

    Created README
    
    README includes requirements, responsibilities and other assignment information.
