This is pdfTeXk, Version 3.1415926-1.40.9 (Web2C 7.5.7) (format=pdflatex 2012.10.5)  7 AUG 2014 20:05
entering extended mode
 %&-line parsing enabled.
**TechnicalReport.tex
(./TechnicalReport.tex
LaTeX2e <2005/12/01>
Babel <v3.8l> and hyphenation patterns for english, usenglishmax, dumylang, noh
yphenation, german-x-2008-06-18, ngerman-x-2008-06-18, ancientgreek, ibycus, ar
abic, basque, bulgarian, catalan, pinyin, coptic, croatian, czech, danish, dutc
h, esperanto, estonian, farsi, finnish, french, galician, german, ngerman, mono
greek, greek, hungarian, icelandic, indonesian, interlingua, irish, italian, la
tin, lithuanian, mongolian, mongolian2a, bokmal, nynorsk, polish, portuguese, r
omanian, russian, sanskrit, serbian, slovak, slovenian, spanish, swedish, turki
sh, ukenglish, ukrainian, uppersorbian, welsh, loaded.

(/v/filer4b/software/texlive/2008/texmf-dist/tex/latex/koma-script/scrartcl.cls
Document Class: scrartcl 2009/01/24 v3.02b KOMA-Script document class (article)


(/v/filer4b/software/texlive/2008/texmf-dist/tex/latex/koma-script/scrkbase.sty
Package: scrkbase 2009/01/24 v3.02b KOMA-Script package (KOMA-Script-dependent 
basics and keyval usage)
(/v/filer4b/software/texlive/2008/texmf-dist/tex/latex/koma-script/scrbase.sty
Package: scrbase 2009/01/24 v3.02b KOMA-Script package (KOMA-Script-independent
 basics and keyval usage)

(/v/filer4b/software/texlive/2008/texmf-dist/tex/latex/graphics/keyval.sty
Package: keyval 1999/03/16 v1.13 key=value parser (DPC)
\KV@toks@=\toks14
)
(/v/filer4b/software/texlive/2008/texmf-dist/tex/latex/koma-script/scrlfile.sty
Package: scrlfile 2008/07/09 v3.00 KOMA-Script package (loading files)
Package scrlfile, 2008/07/09 v3.00 KOMA-Script package (loading files)
                  Copyright (C) Markus Kohm

)))
(/v/filer4b/software/texlive/2008/texmf-dist/tex/latex/koma-script/tocbasic.sty
Package: tocbasic 2009/01/20 v3.02a(package)
)
Package tocbasic Info: omitting babel extension for `toc'
(tocbasic)             because of feature `nobabel' available
(tocbasic)             for `toc' on input line 112.
Package tocbasic Info: omitting babel extension for `lof'
(tocbasic)             because of feature `nobabel' available
(tocbasic)             for `lof' on input line 113.
Package tocbasic Info: omitting babel extension for `lot'
(tocbasic)             because of feature `nobabel' available
(tocbasic)             for `lot' on input line 114.
Package scrartcl Info: You've used obsolete option `12pt'.
(scrartcl)             \KOMAExecuteOptions{fontsize=12pt} will be
(scrartcl)             used instead.
(scrartcl)             You may simply replace `12pt'
(scrartcl)             by `fontsize=12pt'.
Class scrartcl Info: File `scrsize12pt.clo' used to setup font sizes on input l
ine 1160.

(/v/filer4b/software/texlive/2008/texmf-dist/tex/latex/koma-script/scrsize12pt.
clo
File: scrsize12pt.clo 2009/01/24 v3.02b KOMA-Script font size class option (12p
t)
)
(/v/filer4b/software/texlive/2008/texmf-dist/tex/latex/koma-script/typearea.sty
Package: typearea 2009/01/24 v3.02b KOMA-Script package (type area)
Package typearea, 2009/01/24 v3.02b KOMA-Script package (type area)
                  Copyright (C) Frank Neukam, 1992-1994
                  Copyright (C) Markus Kohm, 1994-

\ta@bcor=\skip41
\ta@div=\count79
\ta@hblk=\skip42
\ta@vblk=\skip43
\ta@temp=\skip44
Package typearea Info: These are the values describing the layout:
(typearea)             DIV  = 12
(typearea)             BCOR = 0.0pt
(typearea)             \paperwidth      = 597.50793pt
(typearea)              \textwidth      = 448.13095pt
(typearea)              DIV departure   = -6%
(typearea)              \evensidemargin = 2.4185pt
(typearea)              \oddsidemargin  = 2.4185pt
(typearea)             \paperheight     = 845.04694pt
(typearea)              \textheight     = 635.5pt
(typearea)              \topmargin      = -41.72441pt
(typearea)              \headheight     = 18.125pt
(typearea)              \headsep        = 21.75pt
(typearea)              \topskip        = 12.0pt
(typearea)              \footskip       = 50.75pt
(typearea)              \baselineskip   = 14.5pt
(typearea)              on input line 1042.
)
\c@part=\count80
\c@section=\count81
\c@subsection=\count82
\c@subsubsection=\count83
\c@paragraph=\count84
\c@subparagraph=\count85
\abovecaptionskip=\skip45
\belowcaptionskip=\skip46
\c@pti@nb@sid@b@x=\box26
\c@figure=\count86
\c@table=\count87
\bibindent=\dimen102
) (/v/filer4b/software/texlive/2008/texmf-dist/tex/latex/amsmath/amsmath.sty
Package: amsmath 2000/07/18 v2.13 AMS math features
\@mathmargin=\skip47

For additional information on amsmath, use the `?' option.
(/v/filer4b/software/texlive/2008/texmf-dist/tex/latex/amsmath/amstext.sty
Package: amstext 2000/06/29 v2.01

(/v/filer4b/software/texlive/2008/texmf-dist/tex/latex/amsmath/amsgen.sty
File: amsgen.sty 1999/11/30 v2.0
\@emptytoks=\toks15
\ex@=\dimen103
))
(/v/filer4b/software/texlive/2008/texmf-dist/tex/latex/amsmath/amsbsy.sty
Package: amsbsy 1999/11/29 v1.2d
\pmbraise@=\dimen104
)
(/v/filer4b/software/texlive/2008/texmf-dist/tex/latex/amsmath/amsopn.sty
Package: amsopn 1999/12/14 v2.01 operator names
)
\inf@bad=\count88
LaTeX Info: Redefining \frac on input line 211.
\uproot@=\count89
\leftroot@=\count90
LaTeX Info: Redefining \overline on input line 307.
\classnum@=\count91
\DOTSCASE@=\count92
LaTeX Info: Redefining \ldots on input line 379.
LaTeX Info: Redefining \dots on input line 382.
LaTeX Info: Redefining \cdots on input line 467.
\Mathstrutbox@=\box27
\strutbox@=\box28
\big@size=\dimen105
LaTeX Font Info:    Redeclaring font encoding OML on input line 567.
LaTeX Font Info:    Redeclaring font encoding OMS on input line 568.
\macc@depth=\count93
\c@MaxMatrixCols=\count94
\dotsspace@=\muskip10
\c@parentequation=\count95
\dspbrk@lvl=\count96
\tag@help=\toks16
\row@=\count97
\column@=\count98
\maxfields@=\count99
\andhelp@=\toks17
\eqnshift@=\dimen106
\alignsep@=\dimen107
\tagshift@=\dimen108
\tagwidth@=\dimen109
\totwidth@=\dimen110
\lineht@=\dimen111
\@envbody=\toks18
\multlinegap=\skip48
\multlinetaggap=\skip49
\mathdisplay@stack=\toks19
LaTeX Info: Redefining \[ on input line 2666.
LaTeX Info: Redefining \] on input line 2667.
)
(/v/filer4b/software/texlive/2008/texmf-dist/tex/latex/amsfonts/amsfonts.sty
Package: amsfonts 2001/10/25 v2.2f
\symAMSa=\mathgroup4
\symAMSb=\mathgroup5
LaTeX Font Info:    Overwriting math alphabet `\mathfrak' in version `bold'
(Font)                  U/euf/m/n --> U/euf/b/n on input line 132.
)
(/v/filer4b/software/texlive/2008/texmf-dist/tex/latex/amsfonts/amssymb.sty
Package: amssymb 2002/01/22 v2.2d
)
(/v/filer4b/software/texlive/2008/texmf-dist/tex/latex/amsmath/amscd.sty
Package: amscd 1999/11/29 v1.2d
\athelp@=\toks20
\minaw@=\dimen112
\bigaw@=\dimen113
\minCDarrowwidth=\dimen114
)
(/v/filer4b/software/texlive/2008/texmf-dist/tex/latex/amscls/amsthm.sty
Package: amsthm 2004/08/06 v2.20
\thm@style=\toks21
\thm@bodyfont=\toks22
\thm@headfont=\toks23
\thm@notefont=\toks24
\thm@headpunct=\toks25
\thm@preskip=\skip50
\thm@postskip=\skip51
\thm@headsep=\skip52
\dth@everypar=\toks26
)
(/v/filer4b/software/texlive/2008/texmf-dist/tex/latex/base/alltt.sty
Package: alltt 1997/06/16 v2.0g defines alltt environment
)
(/v/filer4b/software/texlive/2008/texmf-dist/tex/latex/bera/bera.sty
Package: bera 2004/01/31 (WaS)

(/v/filer4b/software/texlive/2008/texmf-dist/tex/latex/base/fontenc.sty
Package: fontenc 2005/09/27 v1.99g Standard LaTeX package

(/v/filer4b/software/texlive/2008/texmf-dist/tex/latex/base/t1enc.def
File: t1enc.def 2005/09/27 v1.99g Standard LaTeX file
LaTeX Font Info:    Redeclaring font encoding T1 on input line 43.
))
(/v/filer4b/software/texlive/2008/texmf-dist/tex/latex/base/textcomp.sty
Package: textcomp 2005/09/27 v1.99g Standard LaTeX package
Package textcomp Info: Sub-encoding information:
(textcomp)               5 = only ISO-Adobe without \textcurrency
(textcomp)               4 = 5 + \texteuro
(textcomp)               3 = 4 + \textohm
(textcomp)               2 = 3 + \textestimated + \textcurrency
(textcomp)               1 = TS1 - \textcircled - \t
(textcomp)               0 = TS1 (full)
(textcomp)             Font families with sub-encoding setting implement
(textcomp)             only a restricted character set as indicated.
(textcomp)             Family '?' is the default used for unknown fonts.
(textcomp)             See the documentation for details.
Package textcomp Info: Setting ? sub-encoding to TS1/1 on input line 71.

(/v/filer4b/software/texlive/2008/texmf-dist/tex/latex/base/ts1enc.def
File: ts1enc.def 2001/06/05 v3.0e (jk/car/fm) Standard LaTeX file
)
LaTeX Info: Redefining \oldstylenums on input line 266.
Package textcomp Info: Setting cmr sub-encoding to TS1/0 on input line 281.
Package textcomp Info: Setting cmss sub-encoding to TS1/0 on input line 282.
Package textcomp Info: Setting cmtt sub-encoding to TS1/0 on input line 283.
Package textcomp Info: Setting cmvtt sub-encoding to TS1/0 on input line 284.
Package textcomp Info: Setting cmbr sub-encoding to TS1/0 on input line 285.
Package textcomp Info: Setting cmtl sub-encoding to TS1/0 on input line 286.
Package textcomp Info: Setting ccr sub-encoding to TS1/0 on input line 287.
Package textcomp Info: Setting ptm sub-encoding to TS1/4 on input line 288.
Package textcomp Info: Setting pcr sub-encoding to TS1/4 on input line 289.
Package textcomp Info: Setting phv sub-encoding to TS1/4 on input line 290.
Package textcomp Info: Setting ppl sub-encoding to TS1/3 on input line 291.
Package textcomp Info: Setting pag sub-encoding to TS1/4 on input line 292.
Package textcomp Info: Setting pbk sub-encoding to TS1/4 on input line 293.
Package textcomp Info: Setting pnc sub-encoding to TS1/4 on input line 294.
Package textcomp Info: Setting pzc sub-encoding to TS1/4 on input line 295.
Package textcomp Info: Setting bch sub-encoding to TS1/4 on input line 296.
Package textcomp Info: Setting put sub-encoding to TS1/5 on input line 297.
Package textcomp Info: Setting uag sub-encoding to TS1/5 on input line 298.
Package textcomp Info: Setting ugq sub-encoding to TS1/5 on input line 299.
Package textcomp Info: Setting ul8 sub-encoding to TS1/4 on input line 300.
Package textcomp Info: Setting ul9 sub-encoding to TS1/4 on input line 301.
Package textcomp Info: Setting augie sub-encoding to TS1/5 on input line 302.
Package textcomp Info: Setting dayrom sub-encoding to TS1/3 on input line 303.
Package textcomp Info: Setting dayroms sub-encoding to TS1/3 on input line 304.

Package textcomp Info: Setting pxr sub-encoding to TS1/0 on input line 305.
Package textcomp Info: Setting pxss sub-encoding to TS1/0 on input line 306.
Package textcomp Info: Setting pxtt sub-encoding to TS1/0 on input line 307.
Package textcomp Info: Setting txr sub-encoding to TS1/0 on input line 308.
Package textcomp Info: Setting txss sub-encoding to TS1/0 on input line 309.
Package textcomp Info: Setting txtt sub-encoding to TS1/0 on input line 310.
Package textcomp Info: Setting futs sub-encoding to TS1/4 on input line 311.
Package textcomp Info: Setting futx sub-encoding to TS1/4 on input line 312.
Package textcomp Info: Setting futj sub-encoding to TS1/4 on input line 313.
Package textcomp Info: Setting hlh sub-encoding to TS1/3 on input line 314.
Package textcomp Info: Setting hls sub-encoding to TS1/3 on input line 315.
Package textcomp Info: Setting hlst sub-encoding to TS1/3 on input line 316.
Package textcomp Info: Setting hlct sub-encoding to TS1/5 on input line 317.
Package textcomp Info: Setting hlx sub-encoding to TS1/5 on input line 318.
Package textcomp Info: Setting hlce sub-encoding to TS1/5 on input line 319.
Package textcomp Info: Setting hlcn sub-encoding to TS1/5 on input line 320.
Package textcomp Info: Setting hlcw sub-encoding to TS1/5 on input line 321.
Package textcomp Info: Setting hlcf sub-encoding to TS1/5 on input line 322.
Package textcomp Info: Setting pplx sub-encoding to TS1/3 on input line 323.
Package textcomp Info: Setting pplj sub-encoding to TS1/3 on input line 324.
Package textcomp Info: Setting ptmx sub-encoding to TS1/4 on input line 325.
Package textcomp Info: Setting ptmj sub-encoding to TS1/4 on input line 326.
)
(/v/filer4b/software/texlive/2008/texmf-dist/tex/latex/bera/beraserif.sty
Package: beraserif 2004/01/30 (WaS)
LaTeX Font Info:    Try loading font information for T1+fve on input line 30.

(/v/filer4b/software/texlive/2008/texmf-dist/tex/latex/bera/t1fve.fd
File: t1fve.fd 2004/09/07 scalable font definitions for T1/fve.
)
LaTeX Font Info:    Font shape `T1/fve/m/n' will be
(Font)              scaled to size 10.79993pt on input line 30.
)
(/v/filer4b/software/texlive/2008/texmf-dist/tex/latex/bera/berasans.sty
Package: berasans 2004/01/30 (WaS)
)
(/v/filer4b/software/texlive/2008/texmf-dist/tex/latex/bera/beramono.sty
Package: beramono 2004/01/31 (WaS)
))
(/v/filer4b/software/texlive/2008/texmf-dist/tex/latex/amscls/upref.sty
Package: upref 2004/07/29 v2.01
)
(/v/filer4b/software/texlive/2008/texmf-dist/tex/latex/fancyvrb/fancyvrb.sty
Package: fancyvrb 2008/02/07

Style option: `fancyvrb' v2.7a, with DG/SPQR fixes, and firstline=lastline fix 
<2008/02/07> (tvz)
\FV@CodeLineNo=\count100
\FV@InFile=\read1
\FV@TabBox=\box29
\c@FancyVerbLine=\count101
\FV@StepNumber=\count102
\FV@OutFile=\write3
)
(/v/filer4b/software/texlive/2008/texmf-dist/tex/latex/base/fontenc.sty
Package: fontenc 2005/09/27 v1.99g Standard LaTeX package

(/v/filer4b/software/texlive/2008/texmf-dist/tex/latex/base/t1enc.def
File: t1enc.def 2005/09/27 v1.99g Standard LaTeX file
LaTeX Font Info:    Redeclaring font encoding T1 on input line 43.
))
(/v/filer4b/software/texlive/2008/texmf-dist/tex/generic/babel/babel.sty
Package: babel 2008/07/06 v3.8l The Babel package

(/v/filer4b/software/texlive/2008/texmf-dist/tex/generic/babel/english.ldf
Language: english 2005/03/30 v3.3o English support from the babel system

(/v/filer4b/software/texlive/2008/texmf-dist/tex/generic/babel/babel.def
File: babel.def 2008/07/06 v3.8l Babel common definitions
\babel@savecnt=\count103
\U@D=\dimen115
)
\l@canadian = a dialect from \language\l@american 
\l@australian = a dialect from \language\l@british 
\l@newzealand = a dialect from \language\l@british 
))
(/v/filer4b/software/texlive/2008/texmf-dist/tex/latex/graphics/graphicx.sty
Package: graphicx 1999/02/16 v1.0f Enhanced LaTeX Graphics (DPC,SPQR)

(/v/filer4b/software/texlive/2008/texmf-dist/tex/latex/graphics/graphics.sty
Package: graphics 2006/02/20 v1.0o Standard LaTeX Graphics (DPC,SPQR)

(/v/filer4b/software/texlive/2008/texmf-dist/tex/latex/graphics/trig.sty
Package: trig 1999/03/16 v1.09 sin cos tan (DPC)
)
(/v/filer4b/software/texlive/2008/texmf/tex/latex/config/graphics.cfg
File: graphics.cfg 2007/01/18 v1.5 graphics configuration of teTeX/TeXLive
)
Package graphics Info: Driver file: pdftex.def on input line 90.

(/v/filer4b/software/texlive/2008/texmf-dist/tex/latex/pdftex-def/pdftex.def
File: pdftex.def 2008/09/08 v0.04l Graphics/color for pdfTeX
\Gread@gobject=\count104
))
\Gin@req@height=\dimen116
\Gin@req@width=\dimen117
)
(/v/filer4b/software/texlive/2008/texmf-dist/tex/latex/pgf/frontendlayer/tikz.s
ty
(/v/filer4b/software/texlive/2008/texmf-dist/tex/latex/pgf/basiclayer/pgf.sty
(/v/filer4b/software/texlive/2008/texmf-dist/tex/latex/pgf/utilities/pgfrcs.sty

(/v/filer4b/software/texlive/2008/texmf-dist/tex/generic/pgf/utilities/pgfutil-
common.tex
\pgfutil@everybye=\toks27
)
(/v/filer4b/software/texlive/2008/texmf-dist/tex/generic/pgf/utilities/pgfutil-
latex.def
\pgfutil@abb=\box30

(/v/filer4b/software/texlive/2008/texmf-dist/tex/latex/ms/everyshi.sty
Package: everyshi 2001/05/15 v3.00 EveryShipout Package (MS)
))
(/v/filer4b/software/texlive/2008/texmf-dist/tex/generic/pgf/utilities/pgfrcs.c
ode.tex
Package: pgfrcs 2010/10/25 v2.10 (rcs-revision 1.24)
))
Package: pgf 2008/01/15 v2.10 (rcs-revision 1.12)

(/v/filer4b/software/texlive/2008/texmf-dist/tex/latex/pgf/basiclayer/pgfcore.s
ty
(/v/filer4b/software/texlive/2008/texmf-dist/tex/latex/pgf/systemlayer/pgfsys.s
ty
(/v/filer4b/software/texlive/2008/texmf-dist/tex/generic/pgf/systemlayer/pgfsys
.code.tex
Package: pgfsys 2010/06/30 v2.10 (rcs-revision 1.37)

(/v/filer4b/software/texlive/2008/texmf-dist/tex/generic/pgf/utilities/pgfkeys.
code.tex
\pgfkeys@pathtoks=\toks28
\pgfkeys@temptoks=\toks29

(/v/filer4b/software/texlive/2008/texmf-dist/tex/generic/pgf/utilities/pgfkeysf
iltered.code.tex
\pgfkeys@tmptoks=\toks30
))
\pgf@x=\dimen118
\pgf@y=\dimen119
\pgf@xa=\dimen120
\pgf@ya=\dimen121
\pgf@xb=\dimen122
\pgf@yb=\dimen123
\pgf@xc=\dimen124
\pgf@yc=\dimen125
\w@pgf@writea=\write4
\r@pgf@reada=\read2
\c@pgf@counta=\count105
\c@pgf@countb=\count106
\c@pgf@countc=\count107
\c@pgf@countd=\count108

(/v/filer4b/software/texlive/2008/texmf-dist/tex/generic/pgf/systemlayer/pgf.cf
g
File: pgf.cfg 2008/05/14  (rcs-revision 1.7)
)
Package pgfsys Info: Driver file for pgf: pgfsys-pdftex.def on input line 900.

(/v/filer4b/software/texlive/2008/texmf-dist/tex/generic/pgf/systemlayer/pgfsys
-pdftex.def
File: pgfsys-pdftex.def 2009/05/22  (rcs-revision 1.26)

(/v/filer4b/software/texlive/2008/texmf-dist/tex/generic/pgf/systemlayer/pgfsys
-common-pdf.def
File: pgfsys-common-pdf.def 2008/05/19  (rcs-revision 1.10)
)))
(/v/filer4b/software/texlive/2008/texmf-dist/tex/generic/pgf/systemlayer/pgfsys
softpath.code.tex
File: pgfsyssoftpath.code.tex 2008/07/18  (rcs-revision 1.7)
\pgfsyssoftpath@smallbuffer@items=\count109
\pgfsyssoftpath@bigbuffer@items=\count110
)
(/v/filer4b/software/texlive/2008/texmf-dist/tex/generic/pgf/systemlayer/pgfsys
protocol.code.tex
File: pgfsysprotocol.code.tex 2006/10/16  (rcs-revision 1.4)
))
(/v/filer4b/software/texlive/2008/texmf-dist/tex/latex/xcolor/xcolor.sty
Package: xcolor 2007/01/21 v2.11 LaTeX color extensions (UK)

(/v/filer4b/software/texlive/2008/texmf/tex/latex/config/color.cfg
File: color.cfg 2007/01/18 v1.5 color configuration of teTeX/TeXLive
)
Package xcolor Info: Driver file: pdftex.def on input line 225.
Package xcolor Info: Model `cmy' substituted by `cmy0' on input line 1337.
Package xcolor Info: Model `hsb' substituted by `rgb' on input line 1341.
Package xcolor Info: Model `RGB' extended on input line 1353.
Package xcolor Info: Model `HTML' substituted by `rgb' on input line 1355.
Package xcolor Info: Model `Hsb' substituted by `hsb' on input line 1356.
Package xcolor Info: Model `tHsb' substituted by `hsb' on input line 1357.
Package xcolor Info: Model `HSB' substituted by `hsb' on input line 1358.
Package xcolor Info: Model `Gray' substituted by `gray' on input line 1359.
Package xcolor Info: Model `wave' substituted by `hsb' on input line 1360.
)
(/v/filer4b/software/texlive/2008/texmf-dist/tex/generic/pgf/basiclayer/pgfcore
.code.tex
Package: pgfcore 2010/04/11 v2.10 (rcs-revision 1.7)

(/v/filer4b/software/texlive/2008/texmf-dist/tex/generic/pgf/math/pgfmath.code.
tex
(/v/filer4b/software/texlive/2008/texmf-dist/tex/generic/pgf/math/pgfmathcalc.c
ode.tex
(/v/filer4b/software/texlive/2008/texmf-dist/tex/generic/pgf/math/pgfmathutil.c
ode.tex)
(/v/filer4b/software/texlive/2008/texmf-dist/tex/generic/pgf/math/pgfmathparser
.code.tex
\pgfmath@dimen=\dimen126
\pgfmath@count=\count111
\pgfmath@box=\box31
\pgfmath@toks=\toks31
\pgfmath@stack@operand=\toks32
\pgfmath@stack@operation=\toks33
)
(/v/filer4b/software/texlive/2008/texmf-dist/tex/generic/pgf/math/pgfmathfuncti
ons.code.tex
(/v/filer4b/software/texlive/2008/texmf-dist/tex/generic/pgf/math/pgfmathfuncti
ons.basic.code.tex)
(/v/filer4b/software/texlive/2008/texmf-dist/tex/generic/pgf/math/pgfmathfuncti
ons.trigonometric.code.tex)
(/v/filer4b/software/texlive/2008/texmf-dist/tex/generic/pgf/math/pgfmathfuncti
ons.random.code.tex)
(/v/filer4b/software/texlive/2008/texmf-dist/tex/generic/pgf/math/pgfmathfuncti
ons.comparison.code.tex)
(/v/filer4b/software/texlive/2008/texmf-dist/tex/generic/pgf/math/pgfmathfuncti
ons.base.code.tex)
(/v/filer4b/software/texlive/2008/texmf-dist/tex/generic/pgf/math/pgfmathfuncti
ons.round.code.tex)
(/v/filer4b/software/texlive/2008/texmf-dist/tex/generic/pgf/math/pgfmathfuncti
ons.misc.code.tex)))
(/v/filer4b/software/texlive/2008/texmf-dist/tex/generic/pgf/math/pgfmathfloat.
code.tex
\c@pgfmathroundto@lastzeros=\count112
))
(/v/filer4b/software/texlive/2008/texmf-dist/tex/generic/pgf/basiclayer/pgfcore
points.code.tex
File: pgfcorepoints.code.tex 2010/04/09  (rcs-revision 1.20)
\pgf@picminx=\dimen127
\pgf@picmaxx=\dimen128
\pgf@picminy=\dimen129
\pgf@picmaxy=\dimen130
\pgf@pathminx=\dimen131
\pgf@pathmaxx=\dimen132
\pgf@pathminy=\dimen133
\pgf@pathmaxy=\dimen134
\pgf@xx=\dimen135
\pgf@xy=\dimen136
\pgf@yx=\dimen137
\pgf@yy=\dimen138
\pgf@zx=\dimen139
\pgf@zy=\dimen140
)
(/v/filer4b/software/texlive/2008/texmf-dist/tex/generic/pgf/basiclayer/pgfcore
pathconstruct.code.tex
File: pgfcorepathconstruct.code.tex 2010/08/03  (rcs-revision 1.24)
\pgf@path@lastx=\dimen141
\pgf@path@lasty=\dimen142
)
(/v/filer4b/software/texlive/2008/texmf-dist/tex/generic/pgf/basiclayer/pgfcore
pathusage.code.tex
File: pgfcorepathusage.code.tex 2008/04/22  (rcs-revision 1.12)
\pgf@shorten@end@additional=\dimen143
\pgf@shorten@start@additional=\dimen144
)
(/v/filer4b/software/texlive/2008/texmf-dist/tex/generic/pgf/basiclayer/pgfcore
scopes.code.tex
File: pgfcorescopes.code.tex 2010/09/08  (rcs-revision 1.34)
\pgfpic=\box32
\pgf@hbox=\box33
\pgf@layerbox@main=\box34
\pgf@picture@serial@count=\count113
)
(/v/filer4b/software/texlive/2008/texmf-dist/tex/generic/pgf/basiclayer/pgfcore
graphicstate.code.tex
File: pgfcoregraphicstate.code.tex 2008/04/22  (rcs-revision 1.9)
\pgflinewidth=\dimen145
)
(/v/filer4b/software/texlive/2008/texmf-dist/tex/generic/pgf/basiclayer/pgfcore
transformations.code.tex
File: pgfcoretransformations.code.tex 2009/06/10  (rcs-revision 1.11)
\pgf@pt@x=\dimen146
\pgf@pt@y=\dimen147
\pgf@pt@temp=\dimen148
)
(/v/filer4b/software/texlive/2008/texmf-dist/tex/generic/pgf/basiclayer/pgfcore
quick.code.tex
File: pgfcorequick.code.tex 2008/10/09  (rcs-revision 1.3)
)
(/v/filer4b/software/texlive/2008/texmf-dist/tex/generic/pgf/basiclayer/pgfcore
objects.code.tex
File: pgfcoreobjects.code.tex 2006/10/11  (rcs-revision 1.2)
)
(/v/filer4b/software/texlive/2008/texmf-dist/tex/generic/pgf/basiclayer/pgfcore
pathprocessing.code.tex
File: pgfcorepathprocessing.code.tex 2008/10/09  (rcs-revision 1.8)
)
(/v/filer4b/software/texlive/2008/texmf-dist/tex/generic/pgf/basiclayer/pgfcore
arrows.code.tex
File: pgfcorearrows.code.tex 2008/04/23  (rcs-revision 1.11)
)
(/v/filer4b/software/texlive/2008/texmf-dist/tex/generic/pgf/basiclayer/pgfcore
shade.code.tex
File: pgfcoreshade.code.tex 2008/11/23  (rcs-revision 1.13)
\pgf@max=\dimen149
\pgf@sys@shading@range@num=\count114
)
(/v/filer4b/software/texlive/2008/texmf-dist/tex/generic/pgf/basiclayer/pgfcore
image.code.tex
File: pgfcoreimage.code.tex 2010/03/25  (rcs-revision 1.16)

(/v/filer4b/software/texlive/2008/texmf-dist/tex/generic/pgf/basiclayer/pgfcore
external.code.tex
File: pgfcoreexternal.code.tex 2010/09/01  (rcs-revision 1.17)
\pgfexternal@startupbox=\box35
))
(/v/filer4b/software/texlive/2008/texmf-dist/tex/generic/pgf/basiclayer/pgfcore
layers.code.tex
File: pgfcorelayers.code.tex 2010/08/27  (rcs-revision 1.2)
)
(/v/filer4b/software/texlive/2008/texmf-dist/tex/generic/pgf/basiclayer/pgfcore
transparency.code.tex
File: pgfcoretransparency.code.tex 2008/01/17  (rcs-revision 1.2)
)
(/v/filer4b/software/texlive/2008/texmf-dist/tex/generic/pgf/basiclayer/pgfcore
patterns.code.tex
File: pgfcorepatterns.code.tex 2009/07/02  (rcs-revision 1.3)
)))
(/v/filer4b/software/texlive/2008/texmf-dist/tex/generic/pgf/modules/pgfmodules
hapes.code.tex
File: pgfmoduleshapes.code.tex 2010/09/09  (rcs-revision 1.13)
\pgfnodeparttextbox=\box36
)
(/v/filer4b/software/texlive/2008/texmf-dist/tex/generic/pgf/modules/pgfmodulep
lot.code.tex
File: pgfmoduleplot.code.tex 2010/10/22  (rcs-revision 1.8)
)
(/v/filer4b/software/texlive/2008/texmf-dist/tex/latex/pgf/compatibility/pgfcom
p-version-0-65.sty
Package: pgfcomp-version-0-65 2007/07/03 v2.10 (rcs-revision 1.7)
\pgf@nodesepstart=\dimen150
\pgf@nodesepend=\dimen151
)
(/v/filer4b/software/texlive/2008/texmf-dist/tex/latex/pgf/compatibility/pgfcom
p-version-1-18.sty
Package: pgfcomp-version-1-18 2007/07/23 v2.10 (rcs-revision 1.1)
))
(/v/filer4b/software/texlive/2008/texmf-dist/tex/latex/pgf/utilities/pgffor.sty

(/v/filer4b/software/texlive/2008/texmf-dist/tex/latex/pgf/utilities/pgfkeys.st
y
(/v/filer4b/software/texlive/2008/texmf-dist/tex/generic/pgf/utilities/pgfkeys.
code.tex))
(/v/filer4b/software/texlive/2008/texmf-dist/tex/generic/pgf/utilities/pgffor.c
ode.tex
Package: pgffor 2010/03/23 v2.10 (rcs-revision 1.18)
\pgffor@iter=\dimen152
\pgffor@skip=\dimen153
\pgffor@stack=\toks34
\pgffor@toks=\toks35
))
(/v/filer4b/software/texlive/2008/texmf-dist/tex/generic/pgf/frontendlayer/tikz
/tikz.code.tex
Package: tikz 2010/10/13 v2.10 (rcs-revision 1.76)

(/v/filer4b/software/texlive/2008/texmf-dist/tex/generic/pgf/libraries/pgflibra
ryplothandlers.code.tex
File: pgflibraryplothandlers.code.tex 2010/05/31 v2.10 (rcs-revision 1.15)
\pgf@plot@mark@count=\count115
\pgfplotmarksize=\dimen154
)
\tikz@lastx=\dimen155
\tikz@lasty=\dimen156
\tikz@lastxsaved=\dimen157
\tikz@lastysaved=\dimen158
\tikzleveldistance=\dimen159
\tikzsiblingdistance=\dimen160
\tikz@figbox=\box37
\tikz@tempbox=\box38
\tikztreelevel=\count116
\tikznumberofchildren=\count117
\tikznumberofcurrentchild=\count118
\tikz@fig@count=\count119

(/v/filer4b/software/texlive/2008/texmf-dist/tex/generic/pgf/modules/pgfmodulem
atrix.code.tex
File: pgfmodulematrix.code.tex 2010/08/24  (rcs-revision 1.4)
\pgfmatrixcurrentrow=\count120
\pgfmatrixcurrentcolumn=\count121
\pgf@matrix@numberofcolumns=\count122
)
\tikz@expandcount=\count123

(/v/filer4b/software/texlive/2008/texmf-dist/tex/generic/pgf/frontendlayer/tikz
/libraries/tikzlibrarytopaths.code.tex
File: tikzlibrarytopaths.code.tex 2008/06/17 v2.10 (rcs-revision 1.2)
)))
\@indexfile=\write5
\openout5 = `TechnicalReport.idx'.


Writing index file TechnicalReport.idx
(./TechnicalReport.aux)
\openout1 = `TechnicalReport.aux'.

LaTeX Font Info:    Checking defaults for OML/cmm/m/it on input line 59.
LaTeX Font Info:    ... okay on input line 59.
LaTeX Font Info:    Checking defaults for T1/cmr/m/n on input line 59.
LaTeX Font Info:    ... okay on input line 59.
LaTeX Font Info:    Checking defaults for OT1/cmr/m/n on input line 59.
LaTeX Font Info:    ... okay on input line 59.
LaTeX Font Info:    Checking defaults for OMS/cmsy/m/n on input line 59.
LaTeX Font Info:    ... okay on input line 59.
LaTeX Font Info:    Checking defaults for OMX/cmex/m/n on input line 59.
LaTeX Font Info:    ... okay on input line 59.
LaTeX Font Info:    Checking defaults for U/cmr/m/n on input line 59.
LaTeX Font Info:    ... okay on input line 59.
LaTeX Font Info:    Checking defaults for TS1/cmr/m/n on input line 59.
LaTeX Font Info:    Try loading font information for TS1+cmr on input line 59.

(/v/filer4b/software/texlive/2008/texmf-dist/tex/latex/base/ts1cmr.fd
File: ts1cmr.fd 1999/05/25 v2.5h Standard LaTeX font definitions
)
LaTeX Font Info:    ... okay on input line 59.

(/v/filer4b/software/texlive/2008/texmf-dist/tex/context/base/supp-pdf.tex
[Loading MPS to PDF converter (version 2006.09.02).]
\scratchcounter=\count124
\scratchdimen=\dimen161
\scratchbox=\box39
\nofMPsegments=\count125
\nofMParguments=\count126
\everyMPshowfont=\toks36
\MPscratchCnt=\count127
\MPscratchDim=\dimen162
\MPnumerator=\count128
\everyMPtoPDFconversion=\toks37
) ABD: EveryShipout initializing macros
LaTeX Font Info:    Try loading font information for T1+fvs on input line 62.

(/v/filer4b/software/texlive/2008/texmf-dist/tex/latex/bera/t1fvs.fd
File: t1fvs.fd 2004/09/07 scalable font definitions for T1/fvs.
)
LaTeX Font Info:    Font shape `T1/fvs/m/n' will be
(Font)              scaled to size 10.79993pt on input line 62.
LaTeX Font Info:    Font shape `T1/fvs/b/n' will be
(Font)              scaled to size 10.79993pt on input line 62.
LaTeX Font Info:    Font shape `T1/fvs/b/n' will be
(Font)              scaled to size 22.39185pt on input line 62.
LaTeX Font Info:    Font shape `T1/fve/m/n' will be
(Font)              scaled to size 15.55188pt on input line 62.
LaTeX Font Info:    Try loading font information for U+msa on input line 62.

(/v/filer4b/software/texlive/2008/texmf-dist/tex/latex/amsfonts/umsa.fd
File: umsa.fd 2002/01/19 v2.2g AMS font definitions
)
LaTeX Font Info:    Try loading font information for U+msb on input line 62.

(/v/filer4b/software/texlive/2008/texmf-dist/tex/latex/amsfonts/umsb.fd
File: umsb.fd 2002/01/19 v2.2g AMS font definitions
)
LaTeX Font Info:    Font shape `T1/fvs/b/n' will be
(Font)              scaled to size 15.55188pt on input line 62.

(./TechnicalReport.toc
Class scrartcl Info: You've told me to use the font selection of the element
(scrartcl)           `sectioning' that is an alias of element `disposition'
(scrartcl)            on input line 2.
Class scrartcl Info: You've told me to use the font selection of the element
(scrartcl)           `sectioning' that is an alias of element `disposition'
(scrartcl)            on input line 4.
Class scrartcl Info: You've told me to use the font selection of the element
(scrartcl)           `sectioning' that is an alias of element `disposition'
(scrartcl)            on input line 5.
Class scrartcl Info: You've told me to use the font selection of the element
(scrartcl)           `sectioning' that is an alias of element `disposition'
(scrartcl)            on input line 9.
 [1


{/v/filer4b/software/texlive/2008/texmf-var/fonts/map/pdftex/updmap/pdftex.map}
]
Class scrartcl Info: You've told me to use the font selection of the element
(scrartcl)           `sectioning' that is an alias of element `disposition'
(scrartcl)            on input line 35.
Class scrartcl Info: You've told me to use the font selection of the element
(scrartcl)           `sectioning' that is an alias of element `disposition'
(scrartcl)            on input line 48.
Class scrartcl Info: You've told me to use the font selection of the element
(scrartcl)           `sectioning' that is an alias of element `disposition'
(scrartcl)            on input line 49.
)
\tf@toc=\write6
\openout6 = `TechnicalReport.toc'.

 <home.png, id=10, 1927.2pt x 1204.5pt>
File: home.png Graphic file (type png)

<use home.png>
LaTeX Font Info:    Font shape `T1/fve/m/sl' will be
(Font)              scaled to size 10.79993pt on input line 70.
 [2 <./home.png (PNG copy)>]
LaTeX Font Info:    Try loading font information for TS1+fve on input line 73.

(/v/filer4b/software/texlive/2008/texmf-dist/tex/latex/bera/ts1fve.fd
File: ts1fve.fd 2004/09/07 scalable font definitions for TS1/fve.
)
LaTeX Font Info:    Font shape `TS1/fve/m/n' will be
(Font)              scaled to size 10.79993pt on input line 73.
 [3]
<UML.png, id=18, 1371.1225pt x 770.88pt>
File: UML.png Graphic file (type png)
 <use UML.png> [4] [5 <./UML.png (PNG copy)>] <artists.png, id=25, 1927.2pt x 1
204.5pt>
File: artists.png Graphic file (type png)
 <use artists.png> [6 <./artists.png (PNG copy)>] <sponsors.png, id=29, 1927.2p
t x 1204.5pt>
File: sponsors.png Graphic file (type png)

<use sponsors.png> [7 <./sponsors.png (PNG copy)>]
<stages.png, id=34, 1927.2pt x 1204.5pt>
File: stages.png Graphic file (type png)
 <use stages.png> [8 <./stages.png (PNG copy)>] [9]
LaTeX Font Info:    Try loading font information for T1+fvm on input line 297.

(/v/filer4b/software/texlive/2008/texmf-dist/tex/latex/bera/t1fvm.fd
File: t1fvm.fd 2004/09/07 scalable font definitions for T1/fvm.
)
LaTeX Font Info:    Font shape `T1/fvm/m/n' will be
(Font)              scaled to size 10.79993pt on input line 297.
 [10]
Overfull \hbox (69.87419pt too wide) in paragraph at lines 360--360
[]\T1/fvm/m/n/12 - get_url(): returns the string "/artists/{id}" . Maximum numb
er of 255 characters.[] 
 []


Overfull \hbox (76.37575pt too wide) in paragraph at lines 360--360
[]\T1/fvm/m/n/12 - __str__(): returns the name string of the artist.Maximum  nu
mber of 255 characters[] 
 []

[11]
Overfull \hbox (43.86797pt too wide) in paragraph at lines 380--380
[]\T1/fvm/m/n/12 - business_type: a character type field with a maximum length 
of 255 characters[] 
 []


Overfull \hbox (69.87419pt too wide) in paragraph at lines 380--380
[]\T1/fvm/m/n/12 - get.url(): returns the string "/sponsors/{id}". Maximum numb
er of 255 characters.[] 
 []


Overfull \hbox (56.87108pt too wide) in paragraph at lines 397--397
[]\T1/fvm/m/n/12 - get.url(): returns the string "/stages/%s/{name}" where name
 is the stage name.[] 
 []


Overfull \hbox (115.38509pt too wide) in paragraph at lines 413--413
[]\T1/fvm/m/n/12 - get_absolute_url(): returns the string "/stages/%s/{name}" w
here name is the stage name.[] 
 []

[12]
Overfull \hbox (115.38509pt too wide) in paragraph at lines 429--429
[]\T1/fvm/m/n/12 - get_absolute_url(): returns the string "/stages/%s/{name}" w
here name is the stage name.[] 
 []


Overfull \hbox (69.87419pt too wide) in paragraph at lines 473--473
[]\T1/fvm/m/n/12 - __str__(): returns a string that represent a stage, sponsor,
 or artist's website.[] 
 []


Overfull \hbox (11.36018pt too wide) in paragraph at lines 473--473
[]\T1/fvm/m/n/12 - ArtistMedia: a media subclass that has a one-to-one relation
ship with an[] 
 []

[13]
Overfull \hbox (1.50587pt too wide) in paragraph at lines 500--503
\T1/fve/m/n/12 Currently the django mod-els are tested with a MySQL database ba
ck-end. The database
 []

! Missing $ inserted.
<inserted text> 
                $
l.509 ...erent combinations of creating the stage_
                                                  artist_yr object to relate...
I've inserted a begin-math/end-math symbol since I think
you left one out. Proceed, with fingers crossed.


! LaTeX Error: Command \item invalid in math mode.

See the LaTeX manual or LaTeX Companion for explanation.
Type  H <return>  for immediate help.
 ...                                              
                                                  
l.510  \item
             test\_types\_relationships2: tests different combinations of cr...

Try typing  <return>  to proceed.
If that doesn't work, type  X <return>  to quit.


! LaTeX Error: Something's wrong--perhaps a missing \item.

See the LaTeX manual or LaTeX Companion for explanation.
Type  H <return>  for immediate help.
 ...                                              
                                                  
l.510  \item t
              est\_types\_relationships2: tests different combinations of cr...

Try typing  <return>  to proceed.
If that doesn't work, type  X <return>  to quit.


! LaTeX Error: Something's wrong--perhaps a missing \item.

See the LaTeX manual or LaTeX Companion for explanation.
Type  H <return>  for immediate help.
 ...                                              
                                                  
l.510  \item t
              est\_types\_relationships2: tests different combinations of cr...

Try typing  <return>  to proceed.
If that doesn't work, type  X <return>  to quit.

LaTeX Font Info:    Font shape `T1/fve/m/n' will be
(Font)              scaled to size 7.19995pt on input line 510.
LaTeX Font Info:    Font shape `T1/fve/m/n' will be
(Font)              scaled to size 5.39996pt on input line 510.

! LaTeX Error: Command \end{itemize} invalid in math mode.

See the LaTeX manual or LaTeX Companion for explanation.
Type  H <return>  for immediate help.
 ...                                              
                                                  
l.511 \end{itemize}
                   
Try typing  <return>  to proceed.
If that doesn't work, type  X <return>  to quit.


! LaTeX Error: Something's wrong--perhaps a missing \item.

See the LaTeX manual or LaTeX Companion for explanation.
Type  H <return>  for immediate help.
 ...                                              
                                                  
l.511 \end{itemize}
                   
Try typing  <return>  to proceed.
If that doesn't work, type  X <return>  to quit.


! LaTeX Error: Something's wrong--perhaps a missing \item.

See the LaTeX manual or LaTeX Companion for explanation.
Type  H <return>  for immediate help.
 ...                                              
                                                  
l.511 \end{itemize}
                   
Try typing  <return>  to proceed.
If that doesn't work, type  X <return>  to quit.

! Missing $ inserted.
<inserted text> 
                $
l.511 \end{itemize}
                   
I've inserted something that you may have forgotten.
(See the <inserted text> above.)
With luck, this will get me unwedged. But if you
really didn't forget anything, try typing `2' now; then
my insertion and my current dilemma will both disappear.


Overfull \hbox (294.1013pt too wide) in paragraph at lines 509--512
[]\T1/fve/m/n/12 test_types_relationships1: tests dif-fer-ent com-bi-na-tions o
f cre-at-ing the stage$[]\OML/cmm/m/it/12 rtist[]robjecttorelateaStageandanArti
sttest[]types[]relationships\OT1/cmr/m/n/12 2 :
 []


Overfull \hbox (8.03406pt too wide) in paragraph at lines 509--512
\OML/cmm/m/it/12 testsdifferentcombinationsofcreatingthestage[]ponsort[]robject
torelateaStageandaSponsor$ 
 []

[14]
! Missing $ inserted.
<inserted text> 
                $
l.517 ...n Artist and relates them with the stage_
                                                  artist_yr object. Tests ac...
I've inserted a begin-math/end-math symbol since I think
you left one out. Proceed, with fingers crossed.


! LaTeX Error: Command \item invalid in math mode.

See the LaTeX manual or LaTeX Companion for explanation.
Type  H <return>  for immediate help.
 ...                                              
                                                  
l.518  \item
             test\_relationship2: creates a Stage and a Sponsor and relates ...

Try typing  <return>  to proceed.
If that doesn't work, type  X <return>  to quit.


! LaTeX Error: Something's wrong--perhaps a missing \item.

See the LaTeX manual or LaTeX Companion for explanation.
Type  H <return>  for immediate help.
 ...                                              
                                                  
l.518  \item t
              est\_relationship2: creates a Stage and a Sponsor and relates ...

Try typing  <return>  to proceed.
If that doesn't work, type  X <return>  to quit.


! LaTeX Error: Something's wrong--perhaps a missing \item.

See the LaTeX manual or LaTeX Companion for explanation.
Type  H <return>  for immediate help.
 ...                                              
                                                  
l.518  \item t
              est\_relationship2: creates a Stage and a Sponsor and relates ...

Try typing  <return>  to proceed.
If that doesn't work, type  X <return>  to quit.

! Missing $ inserted.
<inserted text> 
                $
l.519 
      
I've inserted a begin-math/end-math symbol since I think
you left one out. Proceed, with fingers crossed.

! Missing } inserted.
<inserted text> 
                }
l.519 
      
I've inserted something that you may have forgotten.
(See the <inserted text> above.)
With luck, this will get me unwedged. But if you
really didn't forget anything, try typing `2' now; then
my insertion and my current dilemma will both disappear.


Overfull \hbox (55.76292pt too wide) in paragraph at lines 517--519
\T1/fve/m/n/12 stage$[]\OML/cmm/m/it/12 rtist[]robject:TestsaccessingtheStagean
dArtistfromthestage[]rtist[]r:test[]relationship\OT1/cmr/m/n/12 2 :
 []


Overfull \hbox (249.26453pt too wide) in paragraph at lines 517--519
\OML/cmm/m/it/12 createsaStageandaSponsorandrelatesthemwiththestage[]ponsor[]ro
bject:TestsaccessingtheStageandSponsorfromthestage[]ponsor[]r:[]$ 
 []

! Extra }, or forgotten \endgroup.
\par ...m \@noitemerr {\@@par }\fi \else {\@@par }
                                                  \fi 
l.519 
      
I've deleted a group-closing symbol because it seems to be
spurious, as in `$x}$'. But perhaps the } is legitimate and
you forgot something else, as in `\hbox{$x}'. In such cases
the way to recover is to insert both the forgotten and the
deleted material, e.g., by typing `I$}'.


! LaTeX Error: Something's wrong--perhaps a missing \item.

See the LaTeX manual or LaTeX Companion for explanation.
Type  H <return>  for immediate help.
 ...                                              
                                                  
l.526 \end{itemize}
                   
Try typing  <return>  to proceed.
If that doesn't work, type  X <return>  to quit.


! LaTeX Error: Something's wrong--perhaps a missing \item.

See the LaTeX manual or LaTeX Companion for explanation.
Type  H <return>  for immediate help.
 ...                                              
                                                  
l.533 \end{itemize}
                   
Try typing  <return>  to proceed.
If that doesn't work, type  X <return>  to quit.


! LaTeX Error: Something's wrong--perhaps a missing \item.

See the LaTeX manual or LaTeX Companion for explanation.
Type  H <return>  for immediate help.
 ...                                              
                                                  
l.541 \end{itemize}
                   
Try typing  <return>  to proceed.
If that doesn't work, type  X <return>  to quit.


! LaTeX Error: Something's wrong--perhaps a missing \item.

See the LaTeX manual or LaTeX Companion for explanation.
Type  H <return>  for immediate help.
 ...                                              
                                                  
l.549 \end{itemize}
                   
Try typing  <return>  to proceed.
If that doesn't work, type  X <return>  to quit.


Overfull \hbox (16.97374pt too wide) in paragraph at lines 562--564
\T1/fve/m/n/12 Total tests: 3 One stage with an id of 1 is up-loaded into the d
atabase with name=$\OML/cmm/m/it/12 newstage$\T1/fve/m/n/12 .
 []

[15] [16]
Overfull \hbox (3.12375pt too wide) in paragraph at lines 624--627
\T1/fve/m/n/12 Total tests: 3 On setup a spon-sor, stage, and Spon-sor-Me-dia a
re cre-ated in the database.
 []

[17] (./TechnicalReport.aux) ) 
Here is how much of TeX's memory you used:
 12727 strings out of 493876
 231217 string characters out of 1147346
 279662 words of memory out of 3000000
 15712 multiletter control sequences out of 10000+50000
 40075 words of font info for 59 fonts, out of 3000000 for 5000
 714 hyphenation exceptions out of 8191
 61i,9n,55p,405b,426s stack positions out of 5000i,500n,10000p,200000b,50000s
{/v/filer4b/software/texlive/2008/texmf-dist/font
s/enc/dvips/base/8r.enc}</v/filer4b/software/texlive/2008/texmf-dist/fonts/type
1/bluesky/cm/cmmi12.pfb></v/filer4b/software/texlive/2008/texmf-dist/fonts/type
1/bluesky/cm/cmmi8.pfb></v/filer4b/software/texlive/2008/texmf-dist/fonts/type1
/bluesky/cm/cmr12.pfb></v/filer4b/software/texlive/2008/texmf-dist/fonts/type1/
public/bera/fver8a.pfb></v/filer4b/software/texlive/2008/texmf-dist/fonts/type1
/public/bera/fver8a.pfb></v/filer4b/software/texlive/2008/texmf-dist/fonts/type
1/public/bera/fvmr8a.pfb></v/filer4b/software/texlive/2008/texmf-dist/fonts/typ
e1/public/bera/fvsb8a.pfb>
Output written on TechnicalReport.pdf (17 pages, 1508599 bytes).
PDF statistics:
 94 PDF objects out of 1000 (max. 8388607)
 0 named destinations out of 1000 (max. 131072)
 38 words of extra memory for PDF output out of 10000 (max. 10000000)

